2025-01-01 22:16:05,598 INFO o.a.j.u.JMeterUtils: Setting Locale to en_EN
2025-01-01 22:16:05,638 INFO o.a.j.JMeter: Loading user properties from: E:\apache-jmeter-5.6.3\bin\user.properties
2025-01-01 22:16:05,639 INFO o.a.j.JMeter: Loading system properties from: E:\apache-jmeter-5.6.3\bin\system.properties
2025-01-01 22:16:05,650 INFO o.a.j.JMeter: Copyright (c) 1998-2024 The Apache Software Foundation
2025-01-01 22:16:05,650 INFO o.a.j.JMeter: Version 5.6.3
2025-01-01 22:16:05,650 INFO o.a.j.JMeter: java.version=17.0.12
2025-01-01 22:16:05,650 INFO o.a.j.JMeter: java.vm.name=Java HotSpot(TM) 64-Bit Server VM
2025-01-01 22:16:05,650 INFO o.a.j.JMeter: os.name=Windows 10
2025-01-01 22:16:05,650 INFO o.a.j.JMeter: os.arch=amd64
2025-01-01 22:16:05,650 INFO o.a.j.JMeter: os.version=10.0
2025-01-01 22:16:05,650 INFO o.a.j.JMeter: file.encoding=Cp1252
2025-01-01 22:16:05,651 INFO o.a.j.JMeter: java.awt.headless=true
2025-01-01 22:16:05,651 INFO o.a.j.JMeter: Max memory     =1073741824
2025-01-01 22:16:05,651 INFO o.a.j.JMeter: Available Processors =4
2025-01-01 22:16:05,664 INFO o.a.j.JMeter: Default Locale=English (EN)
2025-01-01 22:16:05,665 INFO o.a.j.JMeter: JMeter  Locale=English (EN)
2025-01-01 22:16:05,665 INFO o.a.j.JMeter: JMeterHome=E:\apache-jmeter-5.6.3
2025-01-01 22:16:05,665 INFO o.a.j.JMeter: user.dir  =E:\apache-jmeter-5.6.3\bin\b13
2025-01-01 22:16:05,665 INFO o.a.j.JMeter: PWD       =E:\apache-jmeter-5.6.3\bin\b13
2025-01-01 22:16:05,666 INFO o.a.j.JMeter: IP: 192.168.0.104 Name: DESKTOP-4JLUP6N FullName: DESKTOP-4JLUP6N
2025-01-01 22:16:05,690 INFO o.a.j.JMeter: Setting property 'jmeter.reportgenerator.outputdir' to:'E:\apache-jmeter-5.6.3\bin\b13\SReports12'
2025-01-01 22:16:05,695 INFO o.a.j.s.FileServer: Default base='E:\apache-jmeter-5.6.3\bin\b13'
2025-01-01 22:16:05,698 INFO o.a.j.s.FileServer: Set new base='E:\apache-jmeter-5.6.3\bin\b13\.'
2025-01-01 22:16:06,022 INFO o.a.j.s.SaveService: Testplan (JMX) version: 2.2. Testlog (JTL) version: 2.2
2025-01-01 22:16:06,058 INFO o.a.j.s.SaveService: Using SaveService properties version 5.0
2025-01-01 22:16:06,062 INFO o.a.j.s.SaveService: Using SaveService properties file encoding UTF-8
2025-01-01 22:16:06,066 INFO o.a.j.s.SaveService: Loading file: .\booking.jmx
2025-01-01 22:16:06,149 INFO o.a.j.p.h.s.HTTPSamplerBase: Parser for text/html is org.apache.jmeter.protocol.http.parser.LagartoBasedHtmlParser
2025-01-01 22:16:06,149 INFO o.a.j.p.h.s.HTTPSamplerBase: Parser for application/xhtml+xml is org.apache.jmeter.protocol.http.parser.LagartoBasedHtmlParser
2025-01-01 22:16:06,150 INFO o.a.j.p.h.s.HTTPSamplerBase: Parser for application/xml is org.apache.jmeter.protocol.http.parser.LagartoBasedHtmlParser
2025-01-01 22:16:06,150 INFO o.a.j.p.h.s.HTTPSamplerBase: Parser for text/xml is org.apache.jmeter.protocol.http.parser.LagartoBasedHtmlParser
2025-01-01 22:16:06,150 INFO o.a.j.p.h.s.HTTPSamplerBase: Parser for text/vnd.wap.wml is org.apache.jmeter.protocol.http.parser.RegexpHTMLParser
2025-01-01 22:16:06,150 INFO o.a.j.p.h.s.HTTPSamplerBase: Parser for text/css is org.apache.jmeter.protocol.http.parser.CssParser
2025-01-01 22:16:06,211 INFO o.a.j.JMeter: Creating summariser <summary>
2025-01-01 22:16:06,217 INFO o.a.j.r.d.ReportGenerator: ReportGenerator will use for Parsing the separator: ','
2025-01-01 22:16:06,217 INFO o.a.j.r.d.ReportGenerator: Will generate report at end of test from  results file: .\bookingst12.jtl
2025-01-01 22:16:06,217 INFO o.a.j.r.d.ReportGenerator: Reading report generator properties from: E:\apache-jmeter-5.6.3\bin\reportgenerator.properties
2025-01-01 22:16:06,218 INFO o.a.j.r.d.ReportGenerator: Merging with JMeter properties
2025-01-01 22:16:06,223 INFO o.a.j.r.c.ReportGeneratorConfiguration: Property 'jmeter.reportgenerator.temp_dir' not found, using default value 'temp' instead.
2025-01-01 22:16:06,227 INFO o.a.j.r.c.ReportGeneratorConfiguration: Property 'jmeter.reportgenerator.apdex_per_transaction' not found, using default value 'null' instead.
2025-01-01 22:16:06,227 INFO o.a.j.r.c.ReportGeneratorConfiguration: apdex_per_transaction is empty, not APDEX per transaction customization
2025-01-01 22:16:06,228 INFO o.a.j.r.c.ReportGeneratorConfiguration: Property 'jmeter.reportgenerator.sample_filter' not found, using default value 'null' instead.
2025-01-01 22:16:06,228 INFO o.a.j.r.c.ReportGeneratorConfiguration: Property 'jmeter.reportgenerator.report_title' not found, using default value 'null' instead.
2025-01-01 22:16:06,228 INFO o.a.j.r.c.ReportGeneratorConfiguration: Property 'jmeter.reportgenerator.start_date' not found, using default value 'null' instead.
2025-01-01 22:16:06,228 INFO o.a.j.r.c.ReportGeneratorConfiguration: Property 'jmeter.reportgenerator.end_date' not found, using default value 'null' instead.
2025-01-01 22:16:06,228 INFO o.a.j.r.c.ReportGeneratorConfiguration: Property 'jmeter.reportgenerator.date_format' not found, using default value 'null' instead.
2025-01-01 22:16:06,229 INFO o.a.j.r.c.ReportGeneratorConfiguration: Will use date range start date: null, end date: null
2025-01-01 22:16:06,234 INFO o.a.j.r.c.ReportGeneratorConfiguration: Property 'jmeter.reportgenerator.graph.totalTPS.exclude_controllers' not found, using default value 'false' instead.
2025-01-01 22:16:06,234 INFO o.a.j.r.c.ReportGeneratorConfiguration: Property 'jmeter.reportgenerator.graph.activeThreadsOverTime.exclude_controllers' not found, using default value 'false' instead.
2025-01-01 22:16:06,235 INFO o.a.j.r.c.ReportGeneratorConfiguration: Property 'jmeter.reportgenerator.graph.timeVsThreads.exclude_controllers' not found, using default value 'false' instead.
2025-01-01 22:16:06,235 INFO o.a.j.r.c.ReportGeneratorConfiguration: Property 'jmeter.reportgenerator.graph.responseTimeDistribution.exclude_controllers' not found, using default value 'false' instead.
2025-01-01 22:16:06,235 INFO o.a.j.r.c.ReportGeneratorConfiguration: Property 'jmeter.reportgenerator.graph.transactionsPerSecond.exclude_controllers' not found, using default value 'false' instead.
2025-01-01 22:16:06,235 INFO o.a.j.r.c.ReportGeneratorConfiguration: Property 'jmeter.reportgenerator.graph.responseTimePercentiles.exclude_controllers' not found, using default value 'false' instead.
2025-01-01 22:16:06,236 INFO o.a.j.r.c.ReportGeneratorConfiguration: Property 'jmeter.reportgenerator.graph.responseTimePercentilesOverTime.exclude_controllers' not found, using default value 'false' instead.
2025-01-01 22:16:06,236 INFO o.a.j.r.c.ReportGeneratorConfiguration: Property 'jmeter.reportgenerator.graph.responseTimesOverTime.exclude_controllers' not found, using default value 'false' instead.
2025-01-01 22:16:06,236 INFO o.a.j.r.c.ReportGeneratorConfiguration: Property 'jmeter.reportgenerator.graph.connectTimeOverTime.exclude_controllers' not found, using default value 'false' instead.
2025-01-01 22:16:06,236 INFO o.a.j.r.c.ReportGeneratorConfiguration: Property 'jmeter.reportgenerator.graph.latenciesOverTime.exclude_controllers' not found, using default value 'false' instead.
2025-01-01 22:16:06,238 INFO o.a.j.r.c.ReportGeneratorConfiguration: Property 'jmeter.reportgenerator.exporter.json.filters_only_sample_series' not found, using default value 'true' instead.
2025-01-01 22:16:06,238 INFO o.a.j.r.c.ReportGeneratorConfiguration: Property 'jmeter.reportgenerator.exporter.json.series_filter' not found, using default value '' instead.
2025-01-01 22:16:06,238 INFO o.a.j.r.c.ReportGeneratorConfiguration: Property 'jmeter.reportgenerator.exporter.json.show_controllers_only' not found, using default value 'false' instead.
2025-01-01 22:16:06,238 INFO o.a.j.r.c.ReportGeneratorConfiguration: Property 'jmeter.reportgenerator.exporter.html.filters_only_sample_series' not found, using default value 'true' instead.
2025-01-01 22:16:06,239 INFO o.a.j.r.c.ReportGeneratorConfiguration: Property 'jmeter.reportgenerator.exporter.html.series_filter' not found, using default value '' instead.
2025-01-01 22:16:06,239 INFO o.a.j.r.c.ReportGeneratorConfiguration: Property 'jmeter.reportgenerator.exporter.html.show_controllers_only' not found, using default value 'false' instead.
2025-01-01 22:16:06,254 INFO o.a.j.e.StandardJMeterEngine: Running the test!
2025-01-01 22:16:06,255 INFO o.a.j.s.SampleEvent: List of sample_variables: []
2025-01-01 22:16:06,256 INFO o.a.j.s.SampleEvent: List of sample_variables: []
2025-01-01 22:16:06,265 INFO o.a.j.e.u.CompoundVariable: Note: Function class names must contain the string: '.functions.'
2025-01-01 22:16:06,265 INFO o.a.j.e.u.CompoundVariable: Note: Function class names must not contain the string: '.gui.'
2025-01-01 22:16:06,356 INFO o.a.j.r.ClassFinder: Will scan jar E:\apache-jmeter-5.6.3\lib\ext\javafaker-1.0.2.jar with filter ExtendsClassFilter [parents=[interface org.apache.jmeter.functions.Function], inner=false, contains=null, notContains=null]. Consider exposing JMeter plugins via META-INF/services, and add JMeter-Skip-Class-Scanning=true manifest attribute so JMeter can skip classfile scanning
2025-01-01 22:16:06,401 INFO o.a.j.JMeter: Running test (1735748166401)
2025-01-01 22:16:06,435 INFO o.a.j.e.StandardJMeterEngine: Starting ThreadGroup: 1 : Thread Group
2025-01-01 22:16:06,435 INFO o.a.j.e.StandardJMeterEngine: Starting 166 threads for group Thread Group.
2025-01-01 22:16:06,435 INFO o.a.j.e.StandardJMeterEngine: Thread will continue on error
2025-01-01 22:16:06,435 INFO o.a.j.t.ThreadGroup: Starting thread group... number=1 threads=166 ramp-up=60 delayedStart=false
2025-01-01 22:16:06,539 INFO o.a.j.t.JMeterThread: Thread started: Thread Group 1-1
2025-01-01 22:16:06,630 INFO o.a.j.p.h.s.HTTPHCAbstractImpl: Local host = DESKTOP-4JLUP6N
2025-01-01 22:16:06,659 INFO o.a.j.p.h.s.HTTPHC4Impl: HTTP request retry count = 0
2025-01-01 22:16:06,662 INFO o.a.j.s.SampleResult: Note: Sample TimeStamps are START times
2025-01-01 22:16:06,663 INFO o.a.j.s.SampleResult: sampleresult.default.encoding is set to UTF-8
2025-01-01 22:16:06,663 INFO o.a.j.s.SampleResult: sampleresult.useNanoTime=true
2025-01-01 22:16:06,663 INFO o.a.j.s.SampleResult: sampleresult.nanoThreadSleep=5000
2025-01-01 22:16:06,681 INFO o.a.j.t.ThreadGroup: Started thread group number 1
2025-01-01 22:16:06,681 INFO o.a.j.e.StandardJMeterEngine: All thread groups have been started
2025-01-01 22:16:06,886 INFO o.a.j.t.JMeterThread: Thread started: Thread Group 1-2
2025-01-01 22:16:06,970 INFO o.a.j.p.h.s.h.LazyLayeredConnectionSocketFactory: Setting up HTTPS TrustAll Socket Factory
2025-01-01 22:16:06,982 INFO o.a.j.u.JsseSSLManager: Using default SSL protocol: TLS
2025-01-01 22:16:06,983 INFO o.a.j.u.JsseSSLManager: SSL session context: per-thread
2025-01-01 22:16:07,245 INFO o.a.j.t.JMeterThread: Thread started: Thread Group 1-3
2025-01-01 22:16:07,334 INFO o.a.j.u.SSLManager: JmeterKeyStore Location:  type JKS
2025-01-01 22:16:07,338 INFO o.a.j.u.SSLManager: KeyStore created OK
2025-01-01 22:16:07,339 WARN o.a.j.u.SSLManager: Keystore file not found, loading empty keystore
2025-01-01 22:16:07,604 INFO o.a.j.t.JMeterThread: Thread started: Thread Group 1-4
2025-01-01 22:16:07,958 INFO o.a.j.t.JMeterThread: Thread started: Thread Group 1-5
2025-01-01 22:16:08,321 INFO o.a.j.t.JMeterThread: Thread started: Thread Group 1-6
2025-01-01 22:16:08,687 INFO o.a.j.t.JMeterThread: Thread started: Thread Group 1-7
2025-01-01 22:16:09,042 INFO o.a.j.t.JMeterThread: Thread started: Thread Group 1-8
2025-01-01 22:16:09,401 INFO o.a.j.t.JMeterThread: Thread started: Thread Group 1-9
2025-01-01 22:16:09,761 INFO o.a.j.t.JMeterThread: Thread started: Thread Group 1-10
2025-01-01 22:16:10,112 INFO o.a.j.t.JMeterThread: Thread started: Thread Group 1-11
2025-01-01 22:16:10,473 INFO o.a.j.t.JMeterThread: Thread started: Thread Group 1-12
2025-01-01 22:16:10,833 INFO o.a.j.t.JMeterThread: Thread started: Thread Group 1-13
2025-01-01 22:16:11,192 INFO o.a.j.t.JMeterThread: Thread started: Thread Group 1-14
2025-01-01 22:16:11,245 INFO o.a.j.t.JMeterThread: Thread is done: Thread Group 1-1
2025-01-01 22:16:11,246 INFO o.a.j.t.JMeterThread: Thread finished: Thread Group 1-1
2025-01-01 22:16:11,544 INFO o.a.j.t.JMeterThread: Thread started: Thread Group 1-15
2025-01-01 22:16:11,913 INFO o.a.j.t.JMeterThread: Thread started: Thread Group 1-16
2025-01-01 22:16:12,087 INFO o.a.j.t.JMeterThread: Thread is done: Thread Group 1-11
2025-01-01 22:16:12,087 INFO o.a.j.t.JMeterThread: Thread finished: Thread Group 1-11
2025-01-01 22:16:12,271 INFO o.a.j.t.JMeterThread: Thread started: Thread Group 1-17
2025-01-01 22:16:12,279 INFO o.a.j.t.JMeterThread: Thread is done: Thread Group 1-3
2025-01-01 22:16:12,280 INFO o.a.j.t.JMeterThread: Thread finished: Thread Group 1-3
2025-01-01 22:16:12,627 INFO o.a.j.t.JMeterThread: Thread started: Thread Group 1-18
2025-01-01 22:16:12,646 INFO o.a.j.t.JMeterThread: Thread is done: Thread Group 1-8
2025-01-01 22:16:12,646 INFO o.a.j.t.JMeterThread: Thread finished: Thread Group 1-8
2025-01-01 22:16:12,981 INFO o.a.j.t.JMeterThread: Thread started: Thread Group 1-19
2025-01-01 22:16:13,345 INFO o.a.j.t.JMeterThread: Thread started: Thread Group 1-20
2025-01-01 22:16:13,409 INFO o.a.j.t.JMeterThread: Thread is done: Thread Group 1-2
2025-01-01 22:16:13,409 INFO o.a.j.t.JMeterThread: Thread finished: Thread Group 1-2
2025-01-01 22:16:13,708 INFO o.a.j.t.JMeterThread: Thread started: Thread Group 1-21
2025-01-01 22:16:14,069 INFO o.a.j.t.JMeterThread: Thread started: Thread Group 1-22
2025-01-01 22:16:14,262 INFO o.a.j.t.JMeterThread: Thread is done: Thread Group 1-6
2025-01-01 22:16:14,262 INFO o.a.j.t.JMeterThread: Thread finished: Thread Group 1-6
2025-01-01 22:16:14,415 INFO o.a.j.t.JMeterThread: Thread started: Thread Group 1-23
2025-01-01 22:16:14,773 INFO o.a.j.t.JMeterThread: Thread started: Thread Group 1-24
2025-01-01 22:16:14,812 INFO o.a.j.t.JMeterThread: Thread is done: Thread Group 1-4
2025-01-01 22:16:14,813 INFO o.a.j.t.JMeterThread: Thread finished: Thread Group 1-4
2025-01-01 22:16:14,991 INFO o.a.j.t.JMeterThread: Thread is done: Thread Group 1-5
2025-01-01 22:16:14,991 INFO o.a.j.t.JMeterThread: Thread finished: Thread Group 1-5
2025-01-01 22:16:15,119 INFO o.a.j.t.JMeterThread: Thread started: Thread Group 1-25
2025-01-01 22:16:15,486 INFO o.a.j.t.JMeterThread: Thread started: Thread Group 1-26
2025-01-01 22:16:15,617 INFO o.a.j.t.JMeterThread: Thread is done: Thread Group 1-10
2025-01-01 22:16:15,617 INFO o.a.j.t.JMeterThread: Thread finished: Thread Group 1-10
2025-01-01 22:16:15,841 INFO o.a.j.t.JMeterThread: Thread started: Thread Group 1-27
2025-01-01 22:16:16,198 INFO o.a.j.t.JMeterThread: Thread is done: Thread Group 1-9
2025-01-01 22:16:16,198 INFO o.a.j.t.JMeterThread: Thread finished: Thread Group 1-9
2025-01-01 22:16:16,222 INFO o.a.j.t.JMeterThread: Thread started: Thread Group 1-28
2025-01-01 22:16:16,579 INFO o.a.j.t.JMeterThread: Thread started: Thread Group 1-29
2025-01-01 22:16:16,757 INFO o.a.j.t.JMeterThread: Thread is done: Thread Group 1-14
2025-01-01 22:16:16,757 INFO o.a.j.t.JMeterThread: Thread finished: Thread Group 1-14
2025-01-01 22:16:16,954 INFO o.a.j.t.JMeterThread: Thread started: Thread Group 1-30
2025-01-01 22:16:17,308 INFO o.a.j.t.JMeterThread: Thread is done: Thread Group 1-12
2025-01-01 22:16:17,308 INFO o.a.j.t.JMeterThread: Thread finished: Thread Group 1-12
2025-01-01 22:16:17,312 INFO o.a.j.t.JMeterThread: Thread started: Thread Group 1-31
2025-01-01 22:16:17,442 INFO o.a.j.t.JMeterThread: Thread is done: Thread Group 1-22
2025-01-01 22:16:17,442 INFO o.a.j.t.JMeterThread: Thread finished: Thread Group 1-22
2025-01-01 22:16:17,454 INFO o.a.j.t.JMeterThread: Thread is done: Thread Group 1-17
2025-01-01 22:16:17,454 INFO o.a.j.t.JMeterThread: Thread finished: Thread Group 1-17
2025-01-01 22:16:17,642 INFO o.a.j.t.JMeterThread: Thread is done: Thread Group 1-7
2025-01-01 22:16:17,642 INFO o.a.j.t.JMeterThread: Thread finished: Thread Group 1-7
2025-01-01 22:16:17,675 INFO o.a.j.t.JMeterThread: Thread started: Thread Group 1-32
2025-01-01 22:16:18,036 INFO o.a.j.t.JMeterThread: Thread started: Thread Group 1-33
2025-01-01 22:16:18,203 INFO o.a.j.t.JMeterThread: Thread is done: Thread Group 1-20
2025-01-01 22:16:18,204 INFO o.a.j.t.JMeterThread: Thread finished: Thread Group 1-20
2025-01-01 22:16:18,277 INFO o.a.j.t.JMeterThread: Thread is done: Thread Group 1-13
2025-01-01 22:16:18,277 INFO o.a.j.t.JMeterThread: Thread finished: Thread Group 1-13
2025-01-01 22:16:18,398 INFO o.a.j.t.JMeterThread: Thread started: Thread Group 1-34
2025-01-01 22:16:18,758 INFO o.a.j.t.JMeterThread: Thread started: Thread Group 1-35
2025-01-01 22:16:19,119 INFO o.a.j.t.JMeterThread: Thread started: Thread Group 1-36
2025-01-01 22:16:19,479 INFO o.a.j.t.JMeterThread: Thread started: Thread Group 1-37
2025-01-01 22:16:19,541 INFO o.a.j.t.JMeterThread: Thread is done: Thread Group 1-21
2025-01-01 22:16:19,541 INFO o.a.j.t.JMeterThread: Thread finished: Thread Group 1-21
2025-01-01 22:16:19,645 INFO o.a.j.t.JMeterThread: Thread is done: Thread Group 1-16
2025-01-01 22:16:19,645 INFO o.a.j.t.JMeterThread: Thread finished: Thread Group 1-16
2025-01-01 22:16:19,839 INFO o.a.j.t.JMeterThread: Thread started: Thread Group 1-38
2025-01-01 22:16:19,967 INFO o.a.j.t.JMeterThread: Thread is done: Thread Group 1-18
2025-01-01 22:16:19,967 INFO o.a.j.t.JMeterThread: Thread finished: Thread Group 1-18
2025-01-01 22:16:20,200 INFO o.a.j.t.JMeterThread: Thread started: Thread Group 1-39
2025-01-01 22:16:20,216 INFO o.a.j.t.JMeterThread: Thread is done: Thread Group 1-30
2025-01-01 22:16:20,217 INFO o.a.j.t.JMeterThread: Thread finished: Thread Group 1-30
2025-01-01 22:16:20,563 INFO o.a.j.t.JMeterThread: Thread started: Thread Group 1-40
2025-01-01 22:16:20,924 INFO o.a.j.t.JMeterThread: Thread started: Thread Group 1-41
2025-01-01 22:16:21,118 INFO o.a.j.t.JMeterThread: Thread is done: Thread Group 1-27
2025-01-01 22:16:21,119 INFO o.a.j.t.JMeterThread: Thread finished: Thread Group 1-27
2025-01-01 22:16:21,263 INFO o.a.j.t.JMeterThread: Thread is done: Thread Group 1-25
2025-01-01 22:16:21,263 INFO o.a.j.t.JMeterThread: Thread finished: Thread Group 1-25
2025-01-01 22:16:21,283 INFO o.a.j.t.JMeterThread: Thread started: Thread Group 1-42
2025-01-01 22:16:21,644 INFO o.a.j.t.JMeterThread: Thread started: Thread Group 1-43
2025-01-01 22:16:21,997 INFO o.a.j.t.JMeterThread: Thread is done: Thread Group 1-23
2025-01-01 22:16:21,997 INFO o.a.j.t.JMeterThread: Thread finished: Thread Group 1-23
2025-01-01 22:16:22,005 INFO o.a.j.t.JMeterThread: Thread started: Thread Group 1-44
2025-01-01 22:16:22,364 INFO o.a.j.t.JMeterThread: Thread started: Thread Group 1-45
2025-01-01 22:16:22,462 INFO o.a.j.t.JMeterThread: Thread is done: Thread Group 1-37
2025-01-01 22:16:22,462 INFO o.a.j.t.JMeterThread: Thread finished: Thread Group 1-37
2025-01-01 22:16:22,726 INFO o.a.j.t.JMeterThread: Thread started: Thread Group 1-46
2025-01-01 22:16:22,779 INFO o.a.j.t.JMeterThread: Thread is done: Thread Group 1-34
2025-01-01 22:16:22,779 INFO o.a.j.t.JMeterThread: Thread finished: Thread Group 1-34
2025-01-01 22:16:23,086 INFO o.a.j.t.JMeterThread: Thread started: Thread Group 1-47
2025-01-01 22:16:23,449 INFO o.a.j.t.JMeterThread: Thread started: Thread Group 1-48
2025-01-01 22:16:23,533 INFO o.a.j.t.JMeterThread: Thread is done: Thread Group 1-24
2025-01-01 22:16:23,533 INFO o.a.j.t.JMeterThread: Thread finished: Thread Group 1-24
2025-01-01 22:16:23,736 INFO o.a.j.t.JMeterThread: Thread is done: Thread Group 1-36
2025-01-01 22:16:23,736 INFO o.a.j.t.JMeterThread: Thread finished: Thread Group 1-36
2025-01-01 22:16:23,809 INFO o.a.j.t.JMeterThread: Thread started: Thread Group 1-49
2025-01-01 22:16:24,142 INFO o.a.j.t.JMeterThread: Thread is done: Thread Group 1-35
2025-01-01 22:16:24,142 INFO o.a.j.t.JMeterThread: Thread finished: Thread Group 1-35
2025-01-01 22:16:24,168 INFO o.a.j.t.JMeterThread: Thread started: Thread Group 1-50
2025-01-01 22:16:24,528 INFO o.a.j.t.JMeterThread: Thread started: Thread Group 1-51
2025-01-01 22:16:24,707 INFO o.a.j.t.JMeterThread: Thread is done: Thread Group 1-38
2025-01-01 22:16:24,707 INFO o.a.j.t.JMeterThread: Thread finished: Thread Group 1-38
2025-01-01 22:16:24,737 INFO o.a.j.t.JMeterThread: Thread is done: Thread Group 1-28
2025-01-01 22:16:24,737 INFO o.a.j.t.JMeterThread: Thread finished: Thread Group 1-28
2025-01-01 22:16:24,887 INFO o.a.j.t.JMeterThread: Thread started: Thread Group 1-52
2025-01-01 22:16:25,247 INFO o.a.j.t.JMeterThread: Thread started: Thread Group 1-53
2025-01-01 22:16:25,277 INFO o.a.j.t.JMeterThread: Thread is done: Thread Group 1-33
2025-01-01 22:16:25,277 INFO o.a.j.t.JMeterThread: Thread finished: Thread Group 1-33
2025-01-01 22:16:25,622 INFO o.a.j.t.JMeterThread: Thread started: Thread Group 1-54
2025-01-01 22:16:25,926 INFO o.a.j.t.JMeterThread: Thread is done: Thread Group 1-15
2025-01-01 22:16:25,926 INFO o.a.j.t.JMeterThread: Thread finished: Thread Group 1-15
2025-01-01 22:16:25,970 INFO o.a.j.t.JMeterThread: Thread started: Thread Group 1-55
2025-01-01 22:16:26,280 INFO o.a.j.t.JMeterThread: Thread is done: Thread Group 1-32
2025-01-01 22:16:26,281 INFO o.a.j.t.JMeterThread: Thread finished: Thread Group 1-32
2025-01-01 22:16:26,325 INFO o.a.j.t.JMeterThread: Thread started: Thread Group 1-56
2025-01-01 22:16:26,417 INFO o.a.j.t.JMeterThread: Thread is done: Thread Group 1-29
2025-01-01 22:16:26,417 INFO o.a.j.t.JMeterThread: Thread finished: Thread Group 1-29
2025-01-01 22:16:26,544 INFO o.a.j.t.JMeterThread: Thread is done: Thread Group 1-31
2025-01-01 22:16:26,544 INFO o.a.j.t.JMeterThread: Thread finished: Thread Group 1-31
2025-01-01 22:16:26,685 INFO o.a.j.t.JMeterThread: Thread started: Thread Group 1-57
2025-01-01 22:16:26,783 INFO o.a.j.t.JMeterThread: Thread is done: Thread Group 1-19
2025-01-01 22:16:26,783 INFO o.a.j.t.JMeterThread: Thread finished: Thread Group 1-19
2025-01-01 22:16:27,044 INFO o.a.j.t.JMeterThread: Thread started: Thread Group 1-58
2025-01-01 22:16:27,402 INFO o.a.j.t.JMeterThread: Thread started: Thread Group 1-59
2025-01-01 22:16:27,586 INFO o.a.j.t.JMeterThread: Thread is done: Thread Group 1-47
2025-01-01 22:16:27,586 INFO o.a.j.t.JMeterThread: Thread finished: Thread Group 1-47
2025-01-01 22:16:27,762 INFO o.a.j.t.JMeterThread: Thread started: Thread Group 1-60
2025-01-01 22:16:27,780 INFO o.a.j.t.JMeterThread: Thread is done: Thread Group 1-26
2025-01-01 22:16:27,780 INFO o.a.j.t.JMeterThread: Thread finished: Thread Group 1-26
2025-01-01 22:16:28,124 INFO o.a.j.t.JMeterThread: Thread started: Thread Group 1-61
2025-01-01 22:16:28,157 INFO o.a.j.t.JMeterThread: Thread is done: Thread Group 1-41
2025-01-01 22:16:28,157 INFO o.a.j.t.JMeterThread: Thread finished: Thread Group 1-41
2025-01-01 22:16:28,490 INFO o.a.j.t.JMeterThread: Thread started: Thread Group 1-62
2025-01-01 22:16:28,560 INFO o.a.j.t.JMeterThread: Thread is done: Thread Group 1-43
2025-01-01 22:16:28,560 INFO o.a.j.t.JMeterThread: Thread finished: Thread Group 1-43
2025-01-01 22:16:28,603 INFO o.a.j.t.JMeterThread: Thread is done: Thread Group 1-42
2025-01-01 22:16:28,604 INFO o.a.j.t.JMeterThread: Thread finished: Thread Group 1-42
2025-01-01 22:16:28,852 INFO o.a.j.t.JMeterThread: Thread started: Thread Group 1-63
2025-01-01 22:16:29,206 INFO o.a.j.t.JMeterThread: Thread started: Thread Group 1-64
2025-01-01 22:16:29,348 INFO o.a.j.t.JMeterThread: Thread is done: Thread Group 1-49
2025-01-01 22:16:29,348 INFO o.a.j.t.JMeterThread: Thread finished: Thread Group 1-49
2025-01-01 22:16:29,351 INFO o.a.j.t.JMeterThread: Thread is done: Thread Group 1-50
2025-01-01 22:16:29,352 INFO o.a.j.t.JMeterThread: Thread finished: Thread Group 1-50
2025-01-01 22:16:29,570 INFO o.a.j.t.JMeterThread: Thread started: Thread Group 1-65
2025-01-01 22:16:29,592 INFO o.a.j.t.JMeterThread: Thread is done: Thread Group 1-39
2025-01-01 22:16:29,592 INFO o.a.j.t.JMeterThread: Thread finished: Thread Group 1-39
2025-01-01 22:16:29,925 INFO o.a.j.t.JMeterThread: Thread started: Thread Group 1-66
2025-01-01 22:16:29,999 INFO o.a.j.t.JMeterThread: Thread is done: Thread Group 1-46
2025-01-01 22:16:29,999 INFO o.a.j.t.JMeterThread: Thread finished: Thread Group 1-46
2025-01-01 22:16:30,076 INFO o.a.j.r.Summariser: summary +    156 in 00:00:24 =    6.6/s Avg:   559 Min:   245 Max:  1603 Err:     0 (0.00%) Active: 20 Started: 66 Finished: 46
2025-01-01 22:16:30,286 INFO o.a.j.t.JMeterThread: Thread started: Thread Group 1-67
2025-01-01 22:16:30,547 INFO o.a.j.t.JMeterThread: Thread is done: Thread Group 1-56
2025-01-01 22:16:30,548 INFO o.a.j.t.JMeterThread: Thread finished: Thread Group 1-56
2025-01-01 22:16:30,645 INFO o.a.j.t.JMeterThread: Thread started: Thread Group 1-68
2025-01-01 22:16:30,802 INFO o.a.j.t.JMeterThread: Thread is done: Thread Group 1-45
2025-01-01 22:16:30,802 INFO o.a.j.t.JMeterThread: Thread finished: Thread Group 1-45
2025-01-01 22:16:30,838 INFO o.a.j.t.JMeterThread: Thread is done: Thread Group 1-40
2025-01-01 22:16:30,838 INFO o.a.j.t.JMeterThread: Thread finished: Thread Group 1-40
2025-01-01 22:16:31,007 INFO o.a.j.t.JMeterThread: Thread started: Thread Group 1-69
2025-01-01 22:16:31,069 INFO o.a.j.t.JMeterThread: Thread is done: Thread Group 1-52
2025-01-01 22:16:31,069 INFO o.a.j.t.JMeterThread: Thread finished: Thread Group 1-52
2025-01-01 22:16:31,367 INFO o.a.j.t.JMeterThread: Thread started: Thread Group 1-70
2025-01-01 22:16:31,727 INFO o.a.j.t.JMeterThread: Thread started: Thread Group 1-71
2025-01-01 22:16:32,087 INFO o.a.j.t.JMeterThread: Thread started: Thread Group 1-72
2025-01-01 22:16:32,381 INFO o.a.j.t.JMeterThread: Thread is done: Thread Group 1-55
2025-01-01 22:16:32,381 INFO o.a.j.t.JMeterThread: Thread finished: Thread Group 1-55
2025-01-01 22:16:32,453 INFO o.a.j.t.JMeterThread: Thread started: Thread Group 1-73
2025-01-01 22:16:32,524 INFO o.a.j.t.JMeterThread: Thread is done: Thread Group 1-53
2025-01-01 22:16:32,524 INFO o.a.j.t.JMeterThread: Thread finished: Thread Group 1-53
2025-01-01 22:16:32,621 INFO o.a.j.t.JMeterThread: Thread is done: Thread Group 1-59
2025-01-01 22:16:32,621 INFO o.a.j.t.JMeterThread: Thread finished: Thread Group 1-59
2025-01-01 22:16:32,644 INFO o.a.j.t.JMeterThread: Thread is done: Thread Group 1-51
2025-01-01 22:16:32,644 INFO o.a.j.t.JMeterThread: Thread finished: Thread Group 1-51
2025-01-01 22:16:32,807 INFO o.a.j.t.JMeterThread: Thread started: Thread Group 1-74
2025-01-01 22:16:33,111 INFO o.a.j.t.JMeterThread: Thread is done: Thread Group 1-44
2025-01-01 22:16:33,111 INFO o.a.j.t.JMeterThread: Thread finished: Thread Group 1-44
2025-01-01 22:16:33,167 INFO o.a.j.t.JMeterThread: Thread started: Thread Group 1-75
2025-01-01 22:16:33,273 INFO o.a.j.t.JMeterThread: Thread is done: Thread Group 1-63
2025-01-01 22:16:33,273 INFO o.a.j.t.JMeterThread: Thread finished: Thread Group 1-63
2025-01-01 22:16:33,529 INFO o.a.j.t.JMeterThread: Thread started: Thread Group 1-76
2025-01-01 22:16:33,834 INFO o.a.j.t.JMeterThread: Thread is done: Thread Group 1-65
2025-01-01 22:16:33,834 INFO o.a.j.t.JMeterThread: Thread finished: Thread Group 1-65
2025-01-01 22:16:33,888 INFO o.a.j.t.JMeterThread: Thread started: Thread Group 1-77
2025-01-01 22:16:34,256 INFO o.a.j.t.JMeterThread: Thread started: Thread Group 1-78
2025-01-01 22:16:34,612 INFO o.a.j.t.JMeterThread: Thread started: Thread Group 1-79
2025-01-01 22:16:34,920 INFO o.a.j.t.JMeterThread: Thread is done: Thread Group 1-66
2025-01-01 22:16:34,921 INFO o.a.j.t.JMeterThread: Thread finished: Thread Group 1-66
2025-01-01 22:16:34,971 INFO o.a.j.t.JMeterThread: Thread started: Thread Group 1-80
2025-01-01 22:16:34,972 INFO o.a.j.t.JMeterThread: Thread is done: Thread Group 1-61
2025-01-01 22:16:34,972 INFO o.a.j.t.JMeterThread: Thread finished: Thread Group 1-61
2025-01-01 22:16:34,994 INFO o.a.j.t.JMeterThread: Thread is done: Thread Group 1-48
2025-01-01 22:16:34,994 INFO o.a.j.t.JMeterThread: Thread finished: Thread Group 1-48
2025-01-01 22:16:35,112 INFO o.a.j.t.JMeterThread: Thread is done: Thread Group 1-69
2025-01-01 22:16:35,113 INFO o.a.j.t.JMeterThread: Thread finished: Thread Group 1-69
2025-01-01 22:16:35,122 INFO o.a.j.t.JMeterThread: Thread is done: Thread Group 1-64
2025-01-01 22:16:35,122 INFO o.a.j.t.JMeterThread: Thread finished: Thread Group 1-64
2025-01-01 22:16:35,176 INFO o.a.j.t.JMeterThread: Thread is done: Thread Group 1-57
2025-01-01 22:16:35,176 INFO o.a.j.t.JMeterThread: Thread finished: Thread Group 1-57
2025-01-01 22:16:35,293 INFO o.a.j.t.JMeterThread: Thread is done: Thread Group 1-62
2025-01-01 22:16:35,293 INFO o.a.j.t.JMeterThread: Thread finished: Thread Group 1-62
2025-01-01 22:16:35,303 INFO o.a.j.t.JMeterThread: Thread is done: Thread Group 1-54
2025-01-01 22:16:35,303 INFO o.a.j.t.JMeterThread: Thread finished: Thread Group 1-54
2025-01-01 22:16:35,331 INFO o.a.j.t.JMeterThread: Thread started: Thread Group 1-81
2025-01-01 22:16:35,404 INFO o.a.j.t.JMeterThread: Thread is done: Thread Group 1-68
2025-01-01 22:16:35,404 INFO o.a.j.t.JMeterThread: Thread finished: Thread Group 1-68
2025-01-01 22:16:35,590 INFO o.a.j.t.JMeterThread: Thread is done: Thread Group 1-67
2025-01-01 22:16:35,590 INFO o.a.j.t.JMeterThread: Thread finished: Thread Group 1-67
2025-01-01 22:16:35,691 INFO o.a.j.t.JMeterThread: Thread started: Thread Group 1-82
2025-01-01 22:16:35,903 INFO o.a.j.t.JMeterThread: Thread is done: Thread Group 1-74
2025-01-01 22:16:35,903 INFO o.a.j.t.JMeterThread: Thread finished: Thread Group 1-74
2025-01-01 22:16:36,053 INFO o.a.j.t.JMeterThread: Thread started: Thread Group 1-83
2025-01-01 22:16:36,413 INFO o.a.j.t.JMeterThread: Thread started: Thread Group 1-84
2025-01-01 22:16:36,784 INFO o.a.j.t.JMeterThread: Thread started: Thread Group 1-85
2025-01-01 22:16:36,793 INFO o.a.j.t.JMeterThread: Thread is done: Thread Group 1-77
2025-01-01 22:16:36,794 INFO o.a.j.t.JMeterThread: Thread finished: Thread Group 1-77
2025-01-01 22:16:37,139 INFO o.a.j.t.JMeterThread: Thread started: Thread Group 1-86
2025-01-01 22:16:37,494 INFO o.a.j.t.JMeterThread: Thread started: Thread Group 1-87
2025-01-01 22:16:37,855 INFO o.a.j.t.JMeterThread: Thread started: Thread Group 1-88
2025-01-01 22:16:38,092 INFO o.a.j.t.JMeterThread: Thread is done: Thread Group 1-60
2025-01-01 22:16:38,092 INFO o.a.j.t.JMeterThread: Thread finished: Thread Group 1-60
2025-01-01 22:16:38,182 INFO o.a.j.t.JMeterThread: Thread is done: Thread Group 1-71
2025-01-01 22:16:38,182 INFO o.a.j.t.JMeterThread: Thread finished: Thread Group 1-71
2025-01-01 22:16:38,219 INFO o.a.j.t.JMeterThread: Thread started: Thread Group 1-89
2025-01-01 22:16:38,445 INFO o.a.j.t.JMeterThread: Thread is done: Thread Group 1-58
2025-01-01 22:16:38,445 INFO o.a.j.t.JMeterThread: Thread finished: Thread Group 1-58
2025-01-01 22:16:38,582 INFO o.a.j.t.JMeterThread: Thread started: Thread Group 1-90
2025-01-01 22:16:38,943 INFO o.a.j.t.JMeterThread: Thread started: Thread Group 1-91
2025-01-01 22:16:39,132 INFO o.a.j.t.JMeterThread: Thread is done: Thread Group 1-76
2025-01-01 22:16:39,133 INFO o.a.j.t.JMeterThread: Thread finished: Thread Group 1-76
2025-01-01 22:16:39,168 INFO o.a.j.t.JMeterThread: Thread is done: Thread Group 1-73
2025-01-01 22:16:39,168 INFO o.a.j.t.JMeterThread: Thread finished: Thread Group 1-73
2025-01-01 22:16:39,181 INFO o.a.j.t.JMeterThread: Thread is done: Thread Group 1-79
2025-01-01 22:16:39,181 INFO o.a.j.t.JMeterThread: Thread finished: Thread Group 1-79
2025-01-01 22:16:39,305 INFO o.a.j.t.JMeterThread: Thread started: Thread Group 1-92
2025-01-01 22:16:39,406 INFO o.a.j.t.JMeterThread: Thread is done: Thread Group 1-75
2025-01-01 22:16:39,406 INFO o.a.j.t.JMeterThread: Thread finished: Thread Group 1-75
2025-01-01 22:16:39,657 INFO o.a.j.t.JMeterThread: Thread started: Thread Group 1-93
2025-01-01 22:16:40,025 INFO o.a.j.t.JMeterThread: Thread started: Thread Group 1-94
2025-01-01 22:16:40,386 INFO o.a.j.t.JMeterThread: Thread started: Thread Group 1-95
2025-01-01 22:16:40,774 INFO o.a.j.t.JMeterThread: Thread started: Thread Group 1-96
2025-01-01 22:16:40,846 INFO o.a.j.t.JMeterThread: Thread is done: Thread Group 1-83
2025-01-01 22:16:40,846 INFO o.a.j.t.JMeterThread: Thread finished: Thread Group 1-83
2025-01-01 22:16:40,892 INFO o.a.j.t.JMeterThread: Thread is done: Thread Group 1-78
2025-01-01 22:16:40,892 INFO o.a.j.t.JMeterThread: Thread finished: Thread Group 1-78
2025-01-01 22:16:41,094 INFO o.a.j.t.JMeterThread: Thread is done: Thread Group 1-70
2025-01-01 22:16:41,094 INFO o.a.j.t.JMeterThread: Thread finished: Thread Group 1-70
2025-01-01 22:16:41,117 INFO o.a.j.t.JMeterThread: Thread started: Thread Group 1-97
2025-01-01 22:16:41,267 INFO o.a.j.t.JMeterThread: Thread is done: Thread Group 1-72
2025-01-01 22:16:41,267 INFO o.a.j.t.JMeterThread: Thread finished: Thread Group 1-72
2025-01-01 22:16:41,495 INFO o.a.j.t.JMeterThread: Thread started: Thread Group 1-98
2025-01-01 22:16:41,509 INFO o.a.j.t.JMeterThread: Thread is done: Thread Group 1-82
2025-01-01 22:16:41,509 INFO o.a.j.t.JMeterThread: Thread finished: Thread Group 1-82
2025-01-01 22:16:41,545 INFO o.a.j.t.JMeterThread: Thread is done: Thread Group 1-86
2025-01-01 22:16:41,545 INFO o.a.j.t.JMeterThread: Thread finished: Thread Group 1-86
2025-01-01 22:16:41,863 INFO o.a.j.t.JMeterThread: Thread started: Thread Group 1-99
2025-01-01 22:16:42,096 INFO o.a.j.t.JMeterThread: Thread is done: Thread Group 1-84
2025-01-01 22:16:42,096 INFO o.a.j.t.JMeterThread: Thread finished: Thread Group 1-84
2025-01-01 22:16:42,211 INFO o.a.j.t.JMeterThread: Thread started: Thread Group 1-100
2025-01-01 22:16:42,445 INFO o.a.j.t.JMeterThread: Thread is done: Thread Group 1-87
2025-01-01 22:16:42,446 INFO o.a.j.t.JMeterThread: Thread finished: Thread Group 1-87
2025-01-01 22:16:42,516 INFO o.a.j.t.JMeterThread: Thread is done: Thread Group 1-91
2025-01-01 22:16:42,516 INFO o.a.j.t.JMeterThread: Thread finished: Thread Group 1-91
2025-01-01 22:16:42,570 INFO o.a.j.t.JMeterThread: Thread started: Thread Group 1-101
2025-01-01 22:16:42,938 INFO o.a.j.t.JMeterThread: Thread started: Thread Group 1-102
2025-01-01 22:16:43,291 INFO o.a.j.t.JMeterThread: Thread started: Thread Group 1-103
2025-01-01 22:16:43,377 INFO o.a.j.t.JMeterThread: Thread is done: Thread Group 1-88
2025-01-01 22:16:43,377 INFO o.a.j.t.JMeterThread: Thread finished: Thread Group 1-88
2025-01-01 22:16:43,658 INFO o.a.j.t.JMeterThread: Thread started: Thread Group 1-104
2025-01-01 22:16:44,027 INFO o.a.j.t.JMeterThread: Thread started: Thread Group 1-105
2025-01-01 22:16:44,385 INFO o.a.j.t.JMeterThread: Thread started: Thread Group 1-106
2025-01-01 22:16:44,612 INFO o.a.j.t.JMeterThread: Thread is done: Thread Group 1-89
2025-01-01 22:16:44,612 INFO o.a.j.t.JMeterThread: Thread finished: Thread Group 1-89
2025-01-01 22:16:44,738 INFO o.a.j.t.JMeterThread: Thread is done: Thread Group 1-92
2025-01-01 22:16:44,738 INFO o.a.j.t.JMeterThread: Thread finished: Thread Group 1-92
2025-01-01 22:16:44,744 INFO o.a.j.t.JMeterThread: Thread started: Thread Group 1-107
2025-01-01 22:16:44,903 INFO o.a.j.t.JMeterThread: Thread is done: Thread Group 1-94
2025-01-01 22:16:44,903 INFO o.a.j.t.JMeterThread: Thread finished: Thread Group 1-94
2025-01-01 22:16:45,057 INFO o.a.j.t.JMeterThread: Thread is done: Thread Group 1-96
2025-01-01 22:16:45,058 INFO o.a.j.t.JMeterThread: Thread finished: Thread Group 1-96
2025-01-01 22:16:45,104 INFO o.a.j.t.JMeterThread: Thread started: Thread Group 1-108
2025-01-01 22:16:45,495 INFO o.a.j.t.JMeterThread: Thread started: Thread Group 1-109
2025-01-01 22:16:45,722 INFO o.a.j.t.JMeterThread: Thread is done: Thread Group 1-85
2025-01-01 22:16:45,722 INFO o.a.j.t.JMeterThread: Thread finished: Thread Group 1-85
2025-01-01 22:16:45,780 INFO o.a.j.t.JMeterThread: Thread is done: Thread Group 1-97
2025-01-01 22:16:45,781 INFO o.a.j.t.JMeterThread: Thread finished: Thread Group 1-97
2025-01-01 22:16:45,826 INFO o.a.j.t.JMeterThread: Thread started: Thread Group 1-110
2025-01-01 22:16:46,025 INFO o.a.j.t.JMeterThread: Thread is done: Thread Group 1-81
2025-01-01 22:16:46,025 INFO o.a.j.t.JMeterThread: Thread finished: Thread Group 1-81
2025-01-01 22:16:46,091 INFO o.a.j.t.JMeterThread: Thread is done: Thread Group 1-80
2025-01-01 22:16:46,091 INFO o.a.j.t.JMeterThread: Thread finished: Thread Group 1-80
2025-01-01 22:16:46,105 INFO o.a.j.t.JMeterThread: Thread is done: Thread Group 1-90
2025-01-01 22:16:46,106 INFO o.a.j.t.JMeterThread: Thread finished: Thread Group 1-90
2025-01-01 22:16:46,191 INFO o.a.j.t.JMeterThread: Thread started: Thread Group 1-111
2025-01-01 22:16:46,298 INFO o.a.j.t.JMeterThread: Thread is done: Thread Group 1-95
2025-01-01 22:16:46,298 INFO o.a.j.t.JMeterThread: Thread finished: Thread Group 1-95
2025-01-01 22:16:46,561 INFO o.a.j.t.JMeterThread: Thread started: Thread Group 1-112
2025-01-01 22:16:46,911 INFO o.a.j.t.JMeterThread: Thread started: Thread Group 1-113
2025-01-01 22:16:47,281 INFO o.a.j.t.JMeterThread: Thread started: Thread Group 1-114
2025-01-01 22:16:47,647 INFO o.a.j.t.JMeterThread: Thread started: Thread Group 1-115
2025-01-01 22:16:48,009 INFO o.a.j.t.JMeterThread: Thread started: Thread Group 1-116
2025-01-01 22:16:48,106 INFO o.a.j.t.JMeterThread: Thread is done: Thread Group 1-99
2025-01-01 22:16:48,107 INFO o.a.j.t.JMeterThread: Thread finished: Thread Group 1-99
2025-01-01 22:16:48,320 INFO o.a.j.t.JMeterThread: Thread is done: Thread Group 1-101
2025-01-01 22:16:48,321 INFO o.a.j.t.JMeterThread: Thread finished: Thread Group 1-101
2025-01-01 22:16:48,370 INFO o.a.j.t.JMeterThread: Thread started: Thread Group 1-117
2025-01-01 22:16:48,675 INFO o.a.j.t.JMeterThread: Thread is done: Thread Group 1-112
2025-01-01 22:16:48,675 INFO o.a.j.t.JMeterThread: Thread finished: Thread Group 1-112
2025-01-01 22:16:48,730 INFO o.a.j.t.JMeterThread: Thread started: Thread Group 1-118
2025-01-01 22:16:48,828 INFO o.a.j.t.JMeterThread: Thread is done: Thread Group 1-103
2025-01-01 22:16:48,828 INFO o.a.j.t.JMeterThread: Thread finished: Thread Group 1-103
2025-01-01 22:16:49,093 INFO o.a.j.t.JMeterThread: Thread started: Thread Group 1-119
2025-01-01 22:16:49,453 INFO o.a.j.t.JMeterThread: Thread started: Thread Group 1-120
2025-01-01 22:16:49,490 INFO o.a.j.t.JMeterThread: Thread is done: Thread Group 1-98
2025-01-01 22:16:49,490 INFO o.a.j.t.JMeterThread: Thread finished: Thread Group 1-98
2025-01-01 22:16:49,645 INFO o.a.j.t.JMeterThread: Thread is done: Thread Group 1-107
2025-01-01 22:16:49,646 INFO o.a.j.t.JMeterThread: Thread finished: Thread Group 1-107
2025-01-01 22:16:49,748 INFO o.a.j.t.JMeterThread: Thread is done: Thread Group 1-93
2025-01-01 22:16:49,749 INFO o.a.j.t.JMeterThread: Thread finished: Thread Group 1-93
2025-01-01 22:16:49,790 INFO o.a.j.t.JMeterThread: Thread started: Thread Group 1-121
2025-01-01 22:16:49,892 INFO o.a.j.t.JMeterThread: Thread is done: Thread Group 1-100
2025-01-01 22:16:49,892 INFO o.a.j.t.JMeterThread: Thread finished: Thread Group 1-100
2025-01-01 22:16:50,151 INFO o.a.j.t.JMeterThread: Thread started: Thread Group 1-122
2025-01-01 22:16:50,511 INFO o.a.j.t.JMeterThread: Thread started: Thread Group 1-123
2025-01-01 22:16:50,721 INFO o.a.j.t.JMeterThread: Thread is done: Thread Group 1-109
2025-01-01 22:16:50,721 INFO o.a.j.t.JMeterThread: Thread finished: Thread Group 1-109
2025-01-01 22:16:50,872 INFO o.a.j.t.JMeterThread: Thread started: Thread Group 1-124
2025-01-01 22:16:50,980 INFO o.a.j.t.JMeterThread: Thread is done: Thread Group 1-113
2025-01-01 22:16:50,980 INFO o.a.j.t.JMeterThread: Thread finished: Thread Group 1-113
2025-01-01 22:16:51,038 INFO o.a.j.t.JMeterThread: Thread is done: Thread Group 1-102
2025-01-01 22:16:51,038 INFO o.a.j.t.JMeterThread: Thread finished: Thread Group 1-102
2025-01-01 22:16:51,232 INFO o.a.j.t.JMeterThread: Thread started: Thread Group 1-125
2025-01-01 22:16:51,339 INFO o.a.j.t.JMeterThread: Thread is done: Thread Group 1-105
2025-01-01 22:16:51,340 INFO o.a.j.t.JMeterThread: Thread finished: Thread Group 1-105
2025-01-01 22:16:51,344 INFO o.a.j.t.JMeterThread: Thread is done: Thread Group 1-115
2025-01-01 22:16:51,345 INFO o.a.j.t.JMeterThread: Thread finished: Thread Group 1-115
2025-01-01 22:16:51,577 INFO o.a.j.t.JMeterThread: Thread is done: Thread Group 1-110
2025-01-01 22:16:51,578 INFO o.a.j.t.JMeterThread: Thread finished: Thread Group 1-110
2025-01-01 22:16:51,593 INFO o.a.j.t.JMeterThread: Thread started: Thread Group 1-126
2025-01-01 22:16:51,952 INFO o.a.j.t.JMeterThread: Thread started: Thread Group 1-127
2025-01-01 22:16:52,312 INFO o.a.j.t.JMeterThread: Thread started: Thread Group 1-128
2025-01-01 22:16:52,502 INFO o.a.j.t.JMeterThread: Thread is done: Thread Group 1-106
2025-01-01 22:16:52,503 INFO o.a.j.t.JMeterThread: Thread finished: Thread Group 1-106
2025-01-01 22:16:52,697 INFO o.a.j.t.JMeterThread: Thread started: Thread Group 1-129
2025-01-01 22:16:53,057 INFO o.a.j.t.JMeterThread: Thread started: Thread Group 1-130
2025-01-01 22:16:53,418 INFO o.a.j.t.JMeterThread: Thread started: Thread Group 1-131
2025-01-01 22:16:53,573 INFO o.a.j.t.JMeterThread: Thread is done: Thread Group 1-104
2025-01-01 22:16:53,574 INFO o.a.j.t.JMeterThread: Thread finished: Thread Group 1-104
2025-01-01 22:16:53,777 INFO o.a.j.t.JMeterThread: Thread started: Thread Group 1-132
2025-01-01 22:16:54,115 INFO o.a.j.t.JMeterThread: Thread started: Thread Group 1-133
2025-01-01 22:16:54,186 INFO o.a.j.t.JMeterThread: Thread is done: Thread Group 1-121
2025-01-01 22:16:54,187 INFO o.a.j.t.JMeterThread: Thread finished: Thread Group 1-121
2025-01-01 22:16:54,379 INFO o.a.j.t.JMeterThread: Thread is done: Thread Group 1-123
2025-01-01 22:16:54,379 INFO o.a.j.t.JMeterThread: Thread finished: Thread Group 1-123
2025-01-01 22:16:54,485 INFO o.a.j.t.JMeterThread: Thread started: Thread Group 1-134
2025-01-01 22:16:54,811 INFO o.a.j.t.JMeterThread: Thread is done: Thread Group 1-116
2025-01-01 22:16:54,811 INFO o.a.j.t.JMeterThread: Thread finished: Thread Group 1-116
2025-01-01 22:16:54,852 INFO o.a.j.t.JMeterThread: Thread started: Thread Group 1-135
2025-01-01 22:16:54,898 INFO o.a.j.t.JMeterThread: Thread is done: Thread Group 1-120
2025-01-01 22:16:54,898 INFO o.a.j.t.JMeterThread: Thread finished: Thread Group 1-120
2025-01-01 22:16:54,923 INFO o.a.j.t.JMeterThread: Thread is done: Thread Group 1-111
2025-01-01 22:16:54,923 INFO o.a.j.t.JMeterThread: Thread finished: Thread Group 1-111
2025-01-01 22:16:54,951 INFO o.a.j.t.JMeterThread: Thread is done: Thread Group 1-108
2025-01-01 22:16:54,951 INFO o.a.j.t.JMeterThread: Thread finished: Thread Group 1-108
2025-01-01 22:16:55,193 INFO o.a.j.t.JMeterThread: Thread is done: Thread Group 1-117
2025-01-01 22:16:55,193 INFO o.a.j.t.JMeterThread: Thread finished: Thread Group 1-117
2025-01-01 22:16:55,203 INFO o.a.j.t.JMeterThread: Thread started: Thread Group 1-136
2025-01-01 22:16:55,564 INFO o.a.j.t.JMeterThread: Thread started: Thread Group 1-137
2025-01-01 22:16:55,740 INFO o.a.j.t.JMeterThread: Thread is done: Thread Group 1-118
2025-01-01 22:16:55,740 INFO o.a.j.t.JMeterThread: Thread finished: Thread Group 1-118
2025-01-01 22:16:55,935 INFO o.a.j.t.JMeterThread: Thread started: Thread Group 1-138
2025-01-01 22:16:56,287 INFO o.a.j.t.JMeterThread: Thread started: Thread Group 1-139
2025-01-01 22:16:56,650 INFO o.a.j.t.JMeterThread: Thread started: Thread Group 1-140
2025-01-01 22:16:56,998 INFO o.a.j.t.JMeterThread: Thread is done: Thread Group 1-119
2025-01-01 22:16:56,998 INFO o.a.j.t.JMeterThread: Thread finished: Thread Group 1-119
2025-01-01 22:16:57,013 INFO o.a.j.t.JMeterThread: Thread started: Thread Group 1-141
2025-01-01 22:16:57,057 INFO o.a.j.t.JMeterThread: Thread is done: Thread Group 1-127
2025-01-01 22:16:57,057 INFO o.a.j.t.JMeterThread: Thread finished: Thread Group 1-127
2025-01-01 22:16:57,347 INFO o.a.j.t.JMeterThread: Thread is done: Thread Group 1-114
2025-01-01 22:16:57,347 INFO o.a.j.t.JMeterThread: Thread finished: Thread Group 1-114
2025-01-01 22:16:57,374 INFO o.a.j.t.JMeterThread: Thread started: Thread Group 1-142
2025-01-01 22:16:57,590 INFO o.a.j.t.JMeterThread: Thread is done: Thread Group 1-129
2025-01-01 22:16:57,590 INFO o.a.j.t.JMeterThread: Thread finished: Thread Group 1-129
2025-01-01 22:16:57,743 INFO o.a.j.t.JMeterThread: Thread started: Thread Group 1-143
2025-01-01 22:16:57,822 INFO o.a.j.t.JMeterThread: Thread is done: Thread Group 1-124
2025-01-01 22:16:57,822 INFO o.a.j.t.JMeterThread: Thread finished: Thread Group 1-124
2025-01-01 22:16:57,859 INFO o.a.j.t.JMeterThread: Thread is done: Thread Group 1-128
2025-01-01 22:16:57,860 INFO o.a.j.t.JMeterThread: Thread finished: Thread Group 1-128
2025-01-01 22:16:58,095 INFO o.a.j.t.JMeterThread: Thread started: Thread Group 1-144
2025-01-01 22:16:58,457 INFO o.a.j.t.JMeterThread: Thread started: Thread Group 1-145
2025-01-01 22:16:58,814 INFO o.a.j.t.JMeterThread: Thread started: Thread Group 1-146
2025-01-01 22:16:59,102 INFO o.a.j.t.JMeterThread: Thread is done: Thread Group 1-137
2025-01-01 22:16:59,103 INFO o.a.j.t.JMeterThread: Thread finished: Thread Group 1-137
2025-01-01 22:16:59,177 INFO o.a.j.t.JMeterThread: Thread started: Thread Group 1-147
2025-01-01 22:16:59,537 INFO o.a.j.t.JMeterThread: Thread started: Thread Group 1-148
2025-01-01 22:16:59,898 INFO o.a.j.t.JMeterThread: Thread started: Thread Group 1-149
2025-01-01 22:17:00,177 INFO o.a.j.r.Summariser: summary +    248 in 00:00:30 =    8.2/s Avg:   526 Min:   246 Max:  1159 Err:     0 (0.00%) Active: 22 Started: 149 Finished: 127
2025-01-01 22:17:00,178 INFO o.a.j.r.Summariser: summary =    404 in 00:00:54 =    7.5/s Avg:   539 Min:   245 Max:  1603 Err:     0 (0.00%)
2025-01-01 22:17:00,259 INFO o.a.j.t.JMeterThread: Thread started: Thread Group 1-150
2025-01-01 22:17:00,620 INFO o.a.j.t.JMeterThread: Thread started: Thread Group 1-151
2025-01-01 22:17:00,980 INFO o.a.j.t.JMeterThread: Thread started: Thread Group 1-152
2025-01-01 22:17:01,342 INFO o.a.j.t.JMeterThread: Thread started: Thread Group 1-153
2025-01-01 22:17:01,349 INFO o.a.j.t.JMeterThread: Thread is done: Thread Group 1-132
2025-01-01 22:17:01,350 INFO o.a.j.t.JMeterThread: Thread finished: Thread Group 1-132
2025-01-01 22:17:01,574 INFO o.a.j.t.JMeterThread: Thread is done: Thread Group 1-134
2025-01-01 22:17:01,574 INFO o.a.j.t.JMeterThread: Thread finished: Thread Group 1-134
2025-01-01 22:17:01,593 INFO o.a.j.t.JMeterThread: Thread is done: Thread Group 1-125
2025-01-01 22:17:01,593 INFO o.a.j.t.JMeterThread: Thread finished: Thread Group 1-125
2025-01-01 22:17:01,623 INFO o.a.j.t.JMeterThread: Thread is done: Thread Group 1-130
2025-01-01 22:17:01,624 INFO o.a.j.t.JMeterThread: Thread finished: Thread Group 1-130
2025-01-01 22:17:01,701 INFO o.a.j.t.JMeterThread: Thread started: Thread Group 1-154
2025-01-01 22:17:01,727 INFO o.a.j.t.JMeterThread: Thread is done: Thread Group 1-135
2025-01-01 22:17:01,727 INFO o.a.j.t.JMeterThread: Thread finished: Thread Group 1-135
2025-01-01 22:17:02,013 INFO o.a.j.t.JMeterThread: Thread is done: Thread Group 1-126
2025-01-01 22:17:02,013 INFO o.a.j.t.JMeterThread: Thread finished: Thread Group 1-126
2025-01-01 22:17:02,058 INFO o.a.j.t.JMeterThread: Thread started: Thread Group 1-155
2025-01-01 22:17:02,153 INFO o.a.j.t.JMeterThread: Thread is done: Thread Group 1-140
2025-01-01 22:17:02,154 INFO o.a.j.t.JMeterThread: Thread finished: Thread Group 1-140
2025-01-01 22:17:02,423 INFO o.a.j.t.JMeterThread: Thread started: Thread Group 1-156
2025-01-01 22:17:02,686 INFO o.a.j.t.JMeterThread: Thread is done: Thread Group 1-136
2025-01-01 22:17:02,687 INFO o.a.j.t.JMeterThread: Thread finished: Thread Group 1-136
2025-01-01 22:17:02,764 INFO o.a.j.t.JMeterThread: Thread started: Thread Group 1-157
2025-01-01 22:17:03,038 INFO o.a.j.t.JMeterThread: Thread is done: Thread Group 1-133
2025-01-01 22:17:03,038 INFO o.a.j.t.JMeterThread: Thread finished: Thread Group 1-133
2025-01-01 22:17:03,132 INFO o.a.j.t.JMeterThread: Thread started: Thread Group 1-158
2025-01-01 22:17:03,283 INFO o.a.j.t.JMeterThread: Thread is done: Thread Group 1-146
2025-01-01 22:17:03,283 INFO o.a.j.t.JMeterThread: Thread finished: Thread Group 1-146
2025-01-01 22:17:03,492 INFO o.a.j.t.JMeterThread: Thread started: Thread Group 1-159
2025-01-01 22:17:03,846 INFO o.a.j.t.JMeterThread: Thread started: Thread Group 1-160
2025-01-01 22:17:03,990 INFO o.a.j.t.JMeterThread: Thread is done: Thread Group 1-139
2025-01-01 22:17:03,991 INFO o.a.j.t.JMeterThread: Thread finished: Thread Group 1-139
2025-01-01 22:17:04,052 INFO o.a.j.t.JMeterThread: Thread is done: Thread Group 1-138
2025-01-01 22:17:04,053 INFO o.a.j.t.JMeterThread: Thread finished: Thread Group 1-138
2025-01-01 22:17:04,087 INFO o.a.j.t.JMeterThread: Thread is done: Thread Group 1-131
2025-01-01 22:17:04,088 INFO o.a.j.t.JMeterThread: Thread finished: Thread Group 1-131
2025-01-01 22:17:04,215 INFO o.a.j.t.JMeterThread: Thread started: Thread Group 1-161
2025-01-01 22:17:04,375 INFO o.a.j.t.JMeterThread: Thread is done: Thread Group 1-151
2025-01-01 22:17:04,375 INFO o.a.j.t.JMeterThread: Thread finished: Thread Group 1-151
2025-01-01 22:17:04,577 INFO o.a.j.t.JMeterThread: Thread started: Thread Group 1-162
2025-01-01 22:17:04,742 INFO o.a.j.t.JMeterThread: Thread is done: Thread Group 1-143
2025-01-01 22:17:04,742 INFO o.a.j.t.JMeterThread: Thread finished: Thread Group 1-143
2025-01-01 22:17:04,849 INFO o.a.j.t.JMeterThread: Thread is done: Thread Group 1-122
2025-01-01 22:17:04,849 INFO o.a.j.t.JMeterThread: Thread finished: Thread Group 1-122
2025-01-01 22:17:04,938 INFO o.a.j.t.JMeterThread: Thread started: Thread Group 1-163
2025-01-01 22:17:05,091 INFO o.a.j.t.JMeterThread: Thread is done: Thread Group 1-149
2025-01-01 22:17:05,091 INFO o.a.j.t.JMeterThread: Thread finished: Thread Group 1-149
2025-01-01 22:17:05,288 INFO o.a.j.t.JMeterThread: Thread is done: Thread Group 1-142
2025-01-01 22:17:05,289 INFO o.a.j.t.JMeterThread: Thread finished: Thread Group 1-142
2025-01-01 22:17:05,300 INFO o.a.j.t.JMeterThread: Thread started: Thread Group 1-164
2025-01-01 22:17:05,554 INFO o.a.j.t.JMeterThread: Thread is done: Thread Group 1-153
2025-01-01 22:17:05,554 INFO o.a.j.t.JMeterThread: Thread finished: Thread Group 1-153
2025-01-01 22:17:05,661 INFO o.a.j.t.JMeterThread: Thread started: Thread Group 1-165
2025-01-01 22:17:05,663 INFO o.a.j.t.JMeterThread: Thread is done: Thread Group 1-152
2025-01-01 22:17:05,663 INFO o.a.j.t.JMeterThread: Thread finished: Thread Group 1-152
2025-01-01 22:17:06,019 INFO o.a.j.t.JMeterThread: Thread started: Thread Group 1-166
2025-01-01 22:17:06,387 INFO o.a.j.t.JMeterThread: Thread is done: Thread Group 1-145
2025-01-01 22:17:06,388 INFO o.a.j.t.JMeterThread: Thread finished: Thread Group 1-145
2025-01-01 22:17:06,683 INFO o.a.j.t.JMeterThread: Thread is done: Thread Group 1-160
2025-01-01 22:17:06,683 INFO o.a.j.t.JMeterThread: Thread finished: Thread Group 1-160
2025-01-01 22:17:06,824 INFO o.a.j.t.JMeterThread: Thread is done: Thread Group 1-148
2025-01-01 22:17:06,826 INFO o.a.j.t.JMeterThread: Thread finished: Thread Group 1-148
2025-01-01 22:17:07,174 INFO o.a.j.t.JMeterThread: Thread is done: Thread Group 1-150
2025-01-01 22:17:07,174 INFO o.a.j.t.JMeterThread: Thread finished: Thread Group 1-150
2025-01-01 22:17:07,578 INFO o.a.j.t.JMeterThread: Thread is done: Thread Group 1-155
2025-01-01 22:17:07,578 INFO o.a.j.t.JMeterThread: Thread finished: Thread Group 1-155
2025-01-01 22:17:07,897 INFO o.a.j.t.JMeterThread: Thread is done: Thread Group 1-147
2025-01-01 22:17:07,898 INFO o.a.j.t.JMeterThread: Thread finished: Thread Group 1-147
2025-01-01 22:17:08,086 INFO o.a.j.t.JMeterThread: Thread is done: Thread Group 1-141
2025-01-01 22:17:08,086 INFO o.a.j.t.JMeterThread: Thread finished: Thread Group 1-141
2025-01-01 22:17:08,113 INFO o.a.j.t.JMeterThread: Thread is done: Thread Group 1-144
2025-01-01 22:17:08,113 INFO o.a.j.t.JMeterThread: Thread finished: Thread Group 1-144
2025-01-01 22:17:08,362 INFO o.a.j.t.JMeterThread: Thread is done: Thread Group 1-157
2025-01-01 22:17:08,362 INFO o.a.j.t.JMeterThread: Thread finished: Thread Group 1-157
2025-01-01 22:17:08,535 INFO o.a.j.t.JMeterThread: Thread is done: Thread Group 1-158
2025-01-01 22:17:08,536 INFO o.a.j.t.JMeterThread: Thread finished: Thread Group 1-158
2025-01-01 22:17:08,758 INFO o.a.j.t.JMeterThread: Thread is done: Thread Group 1-159
2025-01-01 22:17:08,758 INFO o.a.j.t.JMeterThread: Thread finished: Thread Group 1-159
2025-01-01 22:17:09,000 INFO o.a.j.t.JMeterThread: Thread is done: Thread Group 1-156
2025-01-01 22:17:09,000 INFO o.a.j.t.JMeterThread: Thread finished: Thread Group 1-156
2025-01-01 22:17:09,177 INFO o.a.j.t.JMeterThread: Thread is done: Thread Group 1-162
2025-01-01 22:17:09,178 INFO o.a.j.t.JMeterThread: Thread finished: Thread Group 1-162
2025-01-01 22:17:09,241 INFO o.a.j.t.JMeterThread: Thread is done: Thread Group 1-165
2025-01-01 22:17:09,241 INFO o.a.j.t.JMeterThread: Thread finished: Thread Group 1-165
2025-01-01 22:17:10,268 INFO o.a.j.t.JMeterThread: Thread is done: Thread Group 1-154
2025-01-01 22:17:10,268 INFO o.a.j.t.JMeterThread: Thread finished: Thread Group 1-154
2025-01-01 22:17:10,271 INFO o.a.j.t.JMeterThread: Thread is done: Thread Group 1-164
2025-01-01 22:17:10,271 INFO o.a.j.t.JMeterThread: Thread finished: Thread Group 1-164
2025-01-01 22:17:11,558 INFO o.a.j.t.JMeterThread: Thread is done: Thread Group 1-161
2025-01-01 22:17:11,559 INFO o.a.j.t.JMeterThread: Thread finished: Thread Group 1-161
2025-01-01 22:17:13,308 INFO o.a.j.t.JMeterThread: Thread is done: Thread Group 1-163
2025-01-01 22:17:13,308 INFO o.a.j.t.JMeterThread: Thread finished: Thread Group 1-163
2025-01-01 22:17:16,708 INFO o.a.j.t.JMeterThread: Thread is done: Thread Group 1-166
2025-01-01 22:17:16,708 INFO o.a.j.t.JMeterThread: Thread finished: Thread Group 1-166
2025-01-01 22:17:16,710 INFO o.a.j.e.StandardJMeterEngine: Notifying test listeners of end of test
2025-01-01 22:17:16,711 INFO o.a.j.r.Summariser: summary +     94 in 00:00:17 =    5.7/s Avg:   483 Min:   249 Max:  2041 Err:     0 (0.00%) Active: 0 Started: 166 Finished: 166
2025-01-01 22:17:16,712 INFO o.a.j.r.Summariser: summary =    498 in 00:01:10 =    7.1/s Avg:   528 Min:   245 Max:  2041 Err:     0 (0.00%)
2025-01-01 22:17:16,715 INFO o.a.j.JMeter: Generating Dashboard
2025-01-01 22:17:16,715 INFO o.a.j.r.d.ReportGenerator: Flushing result collector before report Generation
2025-01-01 22:17:16,813 INFO o.a.j.r.p.NormalizerSampleConsumer: Using format, 'ms', to parse timeStamp field
2025-01-01 22:17:16,967 INFO o.a.j.r.p.AbstractSampleConsumer: class org.apache.jmeter.report.processor.AggregateConsumer#stopProducing(): beginDate produced 0 samples
2025-01-01 22:17:16,967 INFO o.a.j.r.p.AbstractSampleConsumer: class org.apache.jmeter.report.processor.AggregateConsumer#stopProducing(): endDate produced 0 samples
2025-01-01 22:17:16,971 INFO o.a.j.r.p.AbstractSampleConsumer: class org.apache.jmeter.report.processor.ApdexSummaryConsumer#stopProducing(): apdexSummary produced 0 samples
2025-01-01 22:17:16,971 INFO o.a.j.r.p.AbstractSampleConsumer: class org.apache.jmeter.report.processor.RequestsSummaryConsumer#stopProducing(): requestsSummary produced 0 samples
2025-01-01 22:17:16,980 INFO o.a.j.r.p.AbstractSampleConsumer: class org.apache.jmeter.report.processor.StatisticsSummaryConsumer#stopProducing(): statisticsSummary produced 0 samples
2025-01-01 22:17:16,983 INFO o.a.j.r.p.AbstractSampleConsumer: class org.apache.jmeter.report.processor.Top5ErrorsBySamplerConsumer#stopProducing(): top5ErrorsBySampler produced 0 samples
2025-01-01 22:17:16,983 INFO o.a.j.r.p.AbstractSampleConsumer: class org.apache.jmeter.report.processor.ErrorsSummaryConsumer#stopProducing(): errorsSummary produced 0 samples
2025-01-01 22:17:16,983 INFO o.a.j.r.p.AbstractSampleConsumer: class org.apache.jmeter.report.processor.graph.impl.HitsPerSecondGraphConsumer#stopProducing(): hitsPerSecond produced 0 samples
2025-01-01 22:17:17,036 INFO o.a.j.r.p.AbstractSampleConsumer: class org.apache.jmeter.report.processor.graph.impl.LatencyVSRequestGraphConsumer#stopProducing(): latencyVsRequest produced 0 samples
2025-01-01 22:17:17,037 INFO o.a.j.r.p.AbstractSampleConsumer: class org.apache.jmeter.report.processor.graph.impl.SyntheticResponseTimeDistributionGraphConsumer#stopProducing(): syntheticResponseTimeDistribution produced 0 samples
2025-01-01 22:17:17,037 INFO o.a.j.r.p.AbstractSampleConsumer: class org.apache.jmeter.report.processor.graph.impl.BytesThroughputGraphConsumer#stopProducing(): bytesThroughputOverTime produced 0 samples
2025-01-01 22:17:17,038 INFO o.a.j.r.p.AbstractSampleConsumer: class org.apache.jmeter.report.processor.graph.impl.CodesPerSecondGraphConsumer#stopProducing(): codesPerSecond produced 0 samples
2025-01-01 22:17:17,067 INFO o.a.j.r.p.AbstractSampleConsumer: class org.apache.jmeter.report.processor.graph.impl.ResponseTimeVSRequestGraphConsumer#stopProducing(): responseTimeVsRequest produced 0 samples
2025-01-01 22:17:17,069 INFO o.a.j.r.p.AbstractSampleConsumer: class org.apache.jmeter.report.processor.FilterConsumer#stopProducing(): startIntervalControlerFilter produced 3486 samples
2025-01-01 22:17:17,070 INFO o.a.j.r.p.AbstractSampleConsumer: class org.apache.jmeter.report.processor.graph.impl.TotalTPSGraphConsumer#stopProducing(): totalTPS produced 0 samples
2025-01-01 22:17:17,070 INFO o.a.j.r.p.AbstractSampleConsumer: class org.apache.jmeter.report.processor.graph.impl.ActiveThreadsGraphConsumer#stopProducing(): activeThreadsOverTime produced 0 samples
2025-01-01 22:17:17,070 INFO o.a.j.r.p.AbstractSampleConsumer: class org.apache.jmeter.report.processor.graph.impl.TimeVSThreadGraphConsumer#stopProducing(): timeVsThreads produced 0 samples
2025-01-01 22:17:17,071 INFO o.a.j.r.p.AbstractSampleConsumer: class org.apache.jmeter.report.processor.graph.impl.ResponseTimeDistributionGraphConsumer#stopProducing(): responseTimeDistribution produced 0 samples
2025-01-01 22:17:17,071 INFO o.a.j.r.p.AbstractSampleConsumer: class org.apache.jmeter.report.processor.graph.impl.TransactionsPerSecondGraphConsumer#stopProducing(): transactionsPerSecond produced 0 samples
2025-01-01 22:17:17,071 INFO o.a.j.r.p.AbstractSampleConsumer: class org.apache.jmeter.report.processor.graph.impl.ResponseTimePercentilesGraphConsumer#stopProducing(): responseTimePercentiles produced 0 samples
2025-01-01 22:17:17,074 INFO o.a.j.r.p.AbstractSampleConsumer: class org.apache.jmeter.report.processor.graph.impl.ResponseTimePercentilesOverTimeGraphConsumer#stopProducing(): responseTimePercentilesOverTime produced 0 samples
2025-01-01 22:17:17,075 INFO o.a.j.r.p.AbstractSampleConsumer: class org.apache.jmeter.report.processor.graph.impl.ResponseTimeOverTimeGraphConsumer#stopProducing(): responseTimesOverTime produced 0 samples
2025-01-01 22:17:17,075 INFO o.a.j.r.p.AbstractSampleConsumer: class org.apache.jmeter.report.processor.graph.impl.ConnectTimeOverTimeGraphConsumer#stopProducing(): connectTimeOverTime produced 0 samples
2025-01-01 22:17:17,075 INFO o.a.j.r.p.AbstractSampleConsumer: class org.apache.jmeter.report.processor.graph.impl.LatencyOverTimeGraphConsumer#stopProducing(): latenciesOverTime produced 0 samples
2025-01-01 22:17:17,075 INFO o.a.j.r.p.AbstractSampleConsumer: class org.apache.jmeter.report.processor.FilterConsumer#stopProducing(): nameFilter produced 7470 samples
2025-01-01 22:17:17,075 INFO o.a.j.r.p.AbstractSampleConsumer: class org.apache.jmeter.report.processor.FilterConsumer#stopProducing(): dateRangeFilter produced 1494 samples
2025-01-01 22:17:17,075 INFO o.a.j.r.p.AbstractSampleConsumer: class org.apache.jmeter.report.processor.NormalizerSampleConsumer#stopProducing(): normalizer produced 498 samples
2025-01-01 22:17:17,076 INFO o.a.j.r.p.CsvFileSampleSource: produce(): 498 samples produced in 229ms on channel 0
2025-01-01 22:17:17,076 INFO o.a.j.r.d.ReportGenerator: Exporting data using exporter:'json' of className:'org.apache.jmeter.report.dashboard.JsonExporter'
2025-01-01 22:17:17,218 INFO o.a.j.r.d.JsonExporter: Found data for consumer statisticsSummaryin context
2025-01-01 22:17:17,218 INFO o.a.j.r.d.JsonExporter: Creating statistics for overall
2025-01-01 22:17:17,219 INFO o.a.j.r.d.JsonExporter: Creating statistics for other transactions
2025-01-01 22:17:17,220 INFO o.a.j.r.d.JsonExporter: Checking output folder
2025-01-01 22:17:17,221 INFO o.a.j.r.d.JsonExporter: Writing statistics JSON to E:\apache-jmeter-5.6.3\bin\b13\SReports12\statistics.json
2025-01-01 22:17:17,282 INFO o.a.j.r.d.ReportGenerator: Exporting data using exporter:'html' of className:'org.apache.jmeter.report.dashboard.HtmlTemplateExporter'
2025-01-01 22:17:17,285 INFO o.a.j.r.d.HtmlTemplateExporter: Will generate dashboard in folder: E:\apache-jmeter-5.6.3\bin\b13\SReports12
2025-01-01 22:17:17,432 INFO o.a.j.r.d.HtmlTemplateExporter: Report will be generated in: E:\apache-jmeter-5.6.3\bin\b13\SReports12, creating folder structure
2025-01-01 22:17:17,435 INFO o.a.j.r.d.TemplateVisitor: Copying folder from 'E:\apache-jmeter-5.6.3\bin\report-template' to 'E:\apache-jmeter-5.6.3\bin\b13\SReports12', got message: E:\apache-jmeter-5.6.3\bin\b13\SReports12, found non empty folder with following content [E:\apache-jmeter-5.6.3\bin\b13\SReports12\statistics.json], will be ignored
2025-01-01 22:17:17,812 INFO o.a.j.JMeter: Dashboard generated
